building the system configuration...
these 13 derivations will be built:
  /nix/store/pv1y7p9qixzw8pnqy8aajgyg1ksq8bxa-system-path.drv
  /nix/store/92bpz6g5jy7q4xhyydaifdgyaipshz0l-dbus-1.drv
  /nix/store/f9cbybpma4c7a0mk2b5yw4d907q9m5r9-X-Restart-Triggers-dbus.drv
  /nix/store/5z769p52jzdv43kb7vcpfrvhjkaxs56s-unit-dbus.service.drv
  /nix/store/kspzyq0q8fj6hl24wli6niarl8kv94dy-X-Restart-Triggers-polkit.drv
  /nix/store/cxgb49an5yyf1aswdjjqk7j55rah3738-unit-polkit.service.drv
  /nix/store/yf9j97kpph9vxlfwp89lihz5d928j9mx-unit-accounts-daemon.service.drv
  /nix/store/2psh6325gjf6g3xf18q9i39i5lyv9yja-system-units.drv
  /nix/store/xvjri2vdcppnhh32b94wlgbwggdll0dj-unit-dbus.service.drv
  /nix/store/6xn4238n5w37j7y560l46zsbwlc37ilx-user-units.drv
  /nix/store/nzspbc5dijay049czh1l2d7a6s0gx9j9-system_fish-completions.drv
  /nix/store/dfv4cjyhqc97sz6ldzs4dmmrxn6z0z1m-etc.drv
  /nix/store/2nwihvk9dzk3bpvf506p4nk2x24n3d5x-nixos-system-nixos-laptop-25.11.20260118.77ef7a2.drv
building '/nix/store/pv1y7p9qixzw8pnqy8aajgyg1ksq8bxa-system-path.drv'...
building '/nix/store/nzspbc5dijay049czh1l2d7a6s0gx9j9-system_fish-completions.drv'...
building '/nix/store/kspzyq0q8fj6hl24wli6niarl8kv94dy-X-Restart-Triggers-polkit.drv'...
building '/nix/store/92bpz6g5jy7q4xhyydaifdgyaipshz0l-dbus-1.drv'...
building '/nix/store/yf9j97kpph9vxlfwp89lihz5d928j9mx-unit-accounts-daemon.service.drv'...
building '/nix/store/f9cbybpma4c7a0mk2b5yw4d907q9m5r9-X-Restart-Triggers-dbus.drv'...
building '/nix/store/cxgb49an5yyf1aswdjjqk7j55rah3738-unit-polkit.service.drv'...
building '/nix/store/5z769p52jzdv43kb7vcpfrvhjkaxs56s-unit-dbus.service.drv'...
building '/nix/store/xvjri2vdcppnhh32b94wlgbwggdll0dj-unit-dbus.service.drv'...
building '/nix/store/2psh6325gjf6g3xf18q9i39i5lyv9yja-system-units.drv'...
building '/nix/store/6xn4238n5w37j7y560l46zsbwlc37ilx-user-units.drv'...
building '/nix/store/dfv4cjyhqc97sz6ldzs4dmmrxn6z0z1m-etc.drv'...
building '/nix/store/2nwihvk9dzk3bpvf506p4nk2x24n3d5x-nixos-system-nixos-laptop-25.11.20260118.77ef7a2.drv'...
stopping the following units: accounts-daemon.service
activating the configuration...
setting up /etc...
reloading user units for mhiri...
restarting sysinit-reactivation.target
reloading the following units: dbus.service
restarting the following units: polkit.service
starting the following units: accounts-daemon.service
the following new units were started: NetworkManager-dispatcher.service
Done. The new configuration is /nix/store/k0b5isch7rfvlwhzylmzn48v4848zqi3-nixos-system-nixos-laptop-25.11.20260118.77ef7a2
